<?xml version="1.0" encoding="UTF-8"?>
<!-- Generated by org.testng.reporters.JUnitReportReporter -->
<testsuite hostname="LAPTOP-PQ9GH8V5" failures="0" tests="1" name="DummyTestNg.Parameter" time="0.009" errors="0" timestamp="2020-10-27T18:39:38 IST" skipped="0">
  <testcase classname="DummyTestNg.Parameter" name="login" time="0.009"/>
  <system-out/>
</testsuite> <!-- DummyTestNg.Parameter -->
