<?xml version="1.0" encoding="UTF-8"?>
<!-- Generated by org.testng.reporters.JUnitReportReporter -->
<testsuite hostname="LAPTOP-PQ9GH8V5" failures="0" tests="1" name="pageObjectModel.PageObj_Test" time="20.977" errors="0" timestamp="2020-10-25T07:32:21 IST" skipped="0">
  <testcase classname="pageObjectModel.PageObj_Test" name="loginVerify" time="20.977"/>
  <system-out/>
</testsuite> <!-- pageObjectModel.PageObj_Test -->
