<?xml version="1.0" encoding="UTF-8"?>
<!-- Generated by org.testng.reporters.JUnitReportReporter -->
<testsuite hostname="LAPTOP-PQ9GH8V5" failures="0" tests="1" name="TestNg.DummyTest2" time="0.017" errors="0" timestamp="2020-10-23T06:54:22 IST" skipped="0">
  <testcase classname="TestNg.DummyTest2" name="method5" time="0.017"/>
  <system-out/>
</testsuite> <!-- TestNg.DummyTest2 -->
