<?xml version="1.0" encoding="UTF-8"?>
<!-- Generated by org.testng.reporters.JUnitReportReporter -->
<testsuite hostname="LAPTOP-PQ9GH8V5" failures="0" tests="1" name="pom.Login_Test" time="8.367" errors="0" timestamp="2020-10-03T08:36:15 IST" skipped="0">
  <testcase classname="pom.Login_Test" name="test_login" time="8.367"/>
  <system-out/>
</testsuite> <!-- pom.Login_Test -->
