<?xml version="1.0" encoding="UTF-8"?>
<!-- Generated by org.testng.reporters.JUnitReportReporter -->
<testsuite hostname="LAPTOP-PQ9GH8V5" failures="0" tests="1" name="TestNg.Parameters1" time="0.029" errors="0" timestamp="2020-10-23T07:20:14 IST" skipped="0">
  <testcase classname="TestNg.Parameters1" name="login" time="0.029"/>
  <system-out/>
</testsuite> <!-- TestNg.Parameters1 -->
