<?xml version="1.0" encoding="UTF-8"?>
<!-- Generated by org.testng.reporters.JUnitReportReporter -->
<testsuite hostname="LAPTOP-PQ9GH8V5" failures="0" tests="1" name="DummyTestNg.Test2" time="0.002" errors="0" timestamp="2020-10-27T18:20:14 IST" skipped="0">
  <testcase classname="DummyTestNg.Test2" name="m5" time="0.002"/>
  <system-out/>
</testsuite> <!-- DummyTestNg.Test2 -->
