<?xml version="1.0" encoding="UTF-8"?>
<!-- Generated by org.testng.reporters.JUnitReportReporter -->
<testsuite hostname="LAPTOP-PQ9GH8V5" failures="0" tests="2" name="DummyTestNg.Test1" time="0.015" errors="0" timestamp="2020-10-27T18:20:14 IST" skipped="0">
  <testcase classname="DummyTestNg.Test1" name="m1" time="0.014"/>
  <system-out/>
  <testcase classname="DummyTestNg.Test1" name="m2" time="0.001"/>
  <system-out/>
</testsuite> <!-- DummyTestNg.Test1 -->
