<?xml version="1.0" encoding="UTF-8"?>
<!-- Generated by org.testng.reporters.JUnitReportReporter -->
<testsuite hostname="LAPTOP-PQ9GH8V5" failures="0" tests="3" name="TestNg.Datapro" time="0.026" errors="0" timestamp="2020-10-23T07:38:42 IST" skipped="0">
  <testcase classname="TestNg.Datapro" name="login" time="0.005"/>
  <system-out/>
  <testcase classname="TestNg.Datapro" name="login" time="0.016"/>
  <system-out/>
  <testcase classname="TestNg.Datapro" name="login" time="0.005"/>
  <system-out/>
</testsuite> <!-- TestNg.Datapro -->
