<?xml version="1.0" encoding="UTF-8"?>
<!-- Generated by org.testng.reporters.JUnitReportReporter -->
<testsuite hostname="LAPTOP-PQ9GH8V5" failures="0" tests="2" name="TestNg.DummyTest1" time="0.004" errors="0" timestamp="2020-10-23T06:54:22 IST" skipped="0">
  <testcase classname="TestNg.DummyTest1" name="method1" time="0.002"/>
  <system-out/>
  <testcase classname="TestNg.DummyTest1" name="method2" time="0.002"/>
  <system-out/>
</testsuite> <!-- TestNg.DummyTest1 -->
